<?xml version="1.0" encoding="UTF-8"?>
<testsuite xmlns:xsi="http://www.w3.org/2001/XMLSchema-instance" xsi:noNamespaceSchemaLocation="https://maven.apache.org/surefire/maven-surefire-plugin/xsd/surefire-test-report-3.0.xsd" version="3.0" name="engine.AchievementManagerTest" time="0.044" tests="12" errors="0" skipped="0" failures="0">
  <properties>
[...]
</properties>
  <testcase name="onLevelFinished_level1_unlocksBeginner" classname="engine.AchievementManagerTest" time="0.026">
    <system-err><![CDATA[12월 02, 2025 6:46:10 오후 engine.FileManager loadAchievements
정보: No saved achievement file found. A new one will be created
12월 02, 2025 6:46:10 오후 engine.FileManager saveAchievements
정보: Saving achievements to file
]]></system-err>
  </testcase>
  <testcase name="onEnemyDefeated_secondKill_doesNotUnlockFirstBlood" classname="engine.AchievementManagerTest" time="0.0">
    <system-err><![CDATA[12월 02, 2025 6:46:10 오후 engine.FileManager loadAchievements
정보: load saved achieving file
12월 02, 2025 6:46:10 오후 engine.FileManager saveAchievements
정보: Saving achievements to file
]]></system-err>
  </testcase>
  <testcase name="onEnemyDefeated_accuracyBelowThreshold_unlocksBadSniper" classname="engine.AchievementManagerTest" time="0.002">
    <system-err><![CDATA[12월 02, 2025 6:46:10 오후 engine.FileManager loadAchievements
정보: load saved achieving file
12월 02, 2025 6:46:10 오후 engine.FileManager saveAchievements
정보: Saving achievements to file
12월 02, 2025 6:46:10 오후 engine.FileManager saveAchievements
정보: Saving achievements to file
]]></system-err>
  </testcase>
  <testcase name="onLevelFinished_level7_unlocksConqueror" classname="engine.AchievementManagerTest" time="0.002">
    <system-err><![CDATA[12월 02, 2025 6:46:10 오후 engine.FileManager loadAchievements
정보: load saved achieving file
12월 02, 2025 6:46:10 오후 engine.FileManager saveAchievements
정보: Saving achievements to file
]]></system-err>
  </testcase>
  <testcase name="onLevelFinished_level3_unlocksIntermediate" classname="engine.AchievementManagerTest" time="0.001">
    <system-err><![CDATA[12월 02, 2025 6:46:10 오후 engine.FileManager loadAchievements
정보: load saved achieving file
12월 02, 2025 6:46:10 오후 engine.FileManager saveAchievements
정보: Saving achievements to file
]]></system-err>
  </testcase>
  <testcase name="onEnemyDefeated_firstKill_unlocksFirstBlood" classname="engine.AchievementManagerTest" time="0.001">
    <system-err><![CDATA[12월 02, 2025 6:46:10 오후 engine.FileManager loadAchievements
정보: load saved achieving file
12월 02, 2025 6:46:10 오후 engine.FileManager saveAchievements
정보: Saving achievements to file
]]></system-err>
  </testcase>
  <testcase name="onEnemyDefeated_accuracyAboveThreshold_doesNotUnlockBadSniper" classname="engine.AchievementManagerTest" time="0.002">
    <system-err><![CDATA[12월 02, 2025 6:46:10 오후 engine.FileManager loadAchievements
정보: load saved achieving file
12월 02, 2025 6:46:10 오후 engine.FileManager saveAchievements
정보: Saving achievements to file
]]></system-err>
  </testcase>
  <testcase name="onLevelFinished_level1_unlocksBeginnerOnlyOnce" classname="engine.AchievementManagerTest" time="0.002">
    <system-err><![CDATA[12월 02, 2025 6:46:10 오후 engine.FileManager loadAchievements
정보: load saved achieving file
12월 02, 2025 6:46:10 오후 engine.FileManager saveAchievements
정보: Saving achievements to file
]]></system-err>
  </testcase>
  <testcase name="onTimeElapsedSeconds_atLeast60_unlocksBearGryllsOnlyOnce" classname="engine.AchievementManagerTest" time="0.001">
    <system-err><![CDATA[12월 02, 2025 6:46:10 오후 engine.FileManager loadAchievements
정보: load saved achieving file
12월 02, 2025 6:46:10 오후 engine.FileManager saveAchievements
정보: Saving achievements to file
]]></system-err>
  </testcase>
  <testcase name="onEnemyDefeated_shotsLessThan6_doesNotCheckSniperAchievement" classname="engine.AchievementManagerTest" time="0.001">
    <system-err><![CDATA[12월 02, 2025 6:46:10 오후 engine.FileManager loadAchievements
정보: load saved achieving file
12월 02, 2025 6:46:10 오후 engine.FileManager saveAchievements
정보: Saving achievements to file
]]></system-err>
  </testcase>
  <testcase name="onTimeElapsedSeconds_atLeast60_unlocksBearGrylls" classname="engine.AchievementManagerTest" time="0.002">
    <system-err><![CDATA[12월 02, 2025 6:46:10 오후 engine.FileManager loadAchievements
정보: load saved achieving file
12월 02, 2025 6:46:10 오후 engine.FileManager saveAchievements
정보: Saving achievements to file
]]></system-err>
  </testcase>
  <testcase name="onTimeElapsedSeconds_lessThan60_doesNotUnlockBearGrylls" classname="engine.AchievementManagerTest" time="0.0">
    <system-err><![CDATA[12월 02, 2025 6:46:10 오후 engine.FileManager loadAchievements
정보: load saved achieving file
]]></system-err>
  </testcase>
</testsuite>